<?xml version="1.0" encoding="utf-8"?><testsuites name="pytest tests"><testsuite name="pytest" errors="0" failures="0" skipped="0" tests="25" time="29.376" timestamp="2026-02-18T03:44:44.959332+00:00" hostname="agent-env-f04cb84c-0842-42b7-80e1-55c086802a5e"><testcase classname="backend.tests.test_approval_workflow.TestLoginAllRoles" name="test_login_pegawai" time="1.244" /><testcase classname="backend.tests.test_approval_workflow.TestLoginAllRoles" name="test_login_atasan" time="0.929" /><testcase classname="backend.tests.test_approval_workflow.TestLoginAllRoles" name="test_login_hrga" time="0.949" /><testcase classname="backend.tests.test_approval_workflow.TestLoginAllRoles" name="test_login_direktur" time="0.944" /><testcase classname="backend.tests.test_approval_workflow.TestLoginAllRoles" name="test_login_finance" time="0.926" /><testcase classname="backend.tests.test_approval_workflow.TestBonSementaraApprovalWorkflow" name="test_01_pegawai_create_bon" time="5.575" /><testcase classname="backend.tests.test_approval_workflow.TestBonSementaraApprovalWorkflow" name="test_02_atasan_approve" time="0.711" /><testcase classname="backend.tests.test_approval_workflow.TestBonSementaraApprovalWorkflow" name="test_03_hrga_approve" time="1.824" /><testcase classname="backend.tests.test_approval_workflow.TestBonSementaraApprovalWorkflow" name="test_04_direktur_approve" time="0.714" /><testcase classname="backend.tests.test_approval_workflow.TestBonSementaraApprovalWorkflow" name="test_05_finance_approve" time="0.739" /><testcase classname="backend.tests.test_approval_workflow.TestBonSementaraApprovalWorkflow" name="test_06_download_pdf" time="0.686" /><testcase classname="backend.tests.test_approval_workflow.TestDeclineAndResubmit" name="test_01_create_and_decline" time="1.374" /><testcase classname="backend.tests.test_approval_workflow.TestDeclineAndResubmit" name="test_02_pegawai_resubmit" time="1.474" /><testcase classname="backend.tests.test_approval_workflow.TestRealisasiWorkflow" name="test_01_pegawai_create_realisasi" time="1.496" /><testcase classname="backend.tests.test_approval_workflow.TestRealisasiWorkflow" name="test_02_atasan_cannot_approve_realisasi" time="0.675" /><testcase classname="backend.tests.test_approval_workflow.TestRealisasiWorkflow" name="test_03_hrga_approve_realisasi" time="0.762" /><testcase classname="backend.tests.test_approval_workflow.TestRealisasiWorkflow" name="test_04_direktur_approve_realisasi" time="0.699" /><testcase classname="backend.tests.test_approval_workflow.TestRealisasiWorkflow" name="test_05_finance_approve_realisasi" time="0.757" /><testcase classname="backend.tests.test_approval_workflow.TestApprovalOrderValidation" name="test_hrga_cannot_approve_pending_bon" time="1.588" /><testcase classname="backend.tests.test_approval_workflow.TestApprovalOrderValidation" name="test_finance_cannot_approve_early" time="1.463" /><testcase classname="backend.tests.test_approval_workflow.TestDashboardStats" name="test_pegawai_dashboard" time="0.812" /><testcase classname="backend.tests.test_approval_workflow.TestDashboardStats" name="test_atasan_dashboard" time="0.708" /><testcase classname="backend.tests.test_approval_workflow.TestDashboardStats" name="test_hrga_dashboard" time="0.702" /><testcase classname="backend.tests.test_approval_workflow.TestDashboardStats" name="test_direktur_dashboard" time="0.697" /><testcase classname="backend.tests.test_approval_workflow.TestDashboardStats" name="test_finance_dashboard" time="0.679" /></testsuite></testsuites>